<?xml version="1.0" encoding="UTF-8"?>
<coverage generated="1677808585190" clover="3.2.0">
  <project timestamp="1677808585190" name="All files">
    <metrics statements="47" coveredstatements="47" conditionals="11" coveredconditionals="10" methods="6" coveredmethods="6" elements="64" coveredelements="63" complexity="0" loc="47" ncloc="47" packages="1" files="1" classes="1"/>
    <file name="main.ts" path="/Applications/projects/patientstudio/pictureworks/src/main.ts">
      <metrics statements="47" coveredstatements="47" conditionals="11" coveredconditionals="10" methods="6" coveredmethods="6"/>
      <line num="1" count="6" type="stmt"/>
      <line num="2" count="1" type="stmt"/>
      <line num="3" count="1" type="stmt"/>
      <line num="5" count="1" type="stmt"/>
      <line num="6" count="6" type="cond" truecount="2" falsecount="0"/>
      <line num="7" count="2" type="stmt"/>
      <line num="8" count="2" type="stmt"/>
      <line num="9" count="4" type="cond" truecount="1" falsecount="0"/>
      <line num="10" count="2" type="stmt"/>
      <line num="13" count="1" type="stmt"/>
      <line num="16" count="6" type="stmt"/>
      <line num="18" count="1" type="stmt"/>
      <line num="21" count="1" type="stmt"/>
      <line num="24" count="1" type="stmt"/>
      <line num="26" count="1" type="stmt"/>
      <line num="29" count="6" type="stmt"/>
      <line num="30" count="3" type="stmt"/>
      <line num="32" count="3" type="stmt"/>
      <line num="33" count="8" type="stmt"/>
      <line num="34" count="20" type="cond" truecount="1" falsecount="0"/>
      <line num="36" count="2" type="stmt"/>
      <line num="40" count="3" type="stmt"/>
      <line num="43" count="6" type="stmt"/>
      <line num="44" count="2" type="stmt"/>
      <line num="45" count="2" type="stmt"/>
      <line num="46" count="86" type="cond" truecount="1" falsecount="0"/>
      <line num="48" count="70" type="cond" truecount="2" falsecount="0"/>
      <line num="51" count="2" type="stmt"/>
      <line num="54" count="6" type="stmt"/>
      <line num="56" count="7" type="cond" truecount="1" falsecount="0"/>
      <line num="57" count="6" type="cond" truecount="1" falsecount="0"/>
      <line num="60" count="5" type="cond" truecount="0" falsecount="1"/>
      <line num="62" count="5" type="stmt"/>
      <line num="64" count="5" type="stmt"/>
      <line num="65" count="5" type="stmt"/>
      <line num="68" count="5" type="stmt"/>
      <line num="69" count="17" type="stmt"/>
      <line num="71" count="17" type="stmt"/>
      <line num="72" count="17" type="stmt"/>
      <line num="73" count="17" type="stmt"/>
      <line num="76" count="5" type="stmt"/>
      <line num="79" count="6" type="stmt"/>
      <line num="81" count="4" type="stmt"/>
      <line num="82" count="4" type="stmt"/>
      <line num="83" count="19" type="cond" truecount="1" falsecount="0"/>
      <line num="84" count="13" type="stmt"/>
      <line num="87" count="4" type="stmt"/>
    </file>
  </project>
</coverage>
