{"/Applications/projects/patientstudio/pictureworks/src/main.ts": {"path":"/Applications/projects/patientstudio/pictureworks/src/main.ts","statementMap":{"0":{"start":{"line":2,"column":17},"end":{"line":2,"column":25}},"1":{"start":{"line":3,"column":23},"end":{"line":3,"column":31}},"2":{"start":{"line":5,"column":2},"end":{"line":12,"column":null}},"3":{"start":{"line":6,"column":4},"end":{"line":11,"column":null}},"4":{"start":{"line":7,"column":6},"end":{"line":7,"column":32}},"5":{"start":{"line":8,"column":6},"end":{"line":8,"column":19}},"6":{"start":{"line":9,"column":11},"end":{"line":11,"column":null}},"7":{"start":{"line":10,"column":6},"end":{"line":10,"column":25}},"8":{"start":{"line":13,"column":2},"end":{"line":13,"column":24}},"9":{"start":{"line":1,"column":0},"end":{"line":1,"column":16}},"10":{"start":{"line":18,"column":14},"end":{"line":18,"column":27}},"11":{"start":{"line":21,"column":2},"end":{"line":21,"column":16}},"12":{"start":{"line":24,"column":19},"end":{"line":24,"column":31}},"13":{"start":{"line":26,"column":2},"end":{"line":26,"column":18}},"14":{"start":{"line":16,"column":0},"end":{"line":16,"column":16}},"15":{"start":{"line":30,"column":14},"end":{"line":30,"column":15}},"16":{"start":{"line":32,"column":2},"end":{"line":39,"column":null}},"17":{"start":{"line":32,"column":15},"end":{"line":32,"column":16}},"18":{"start":{"line":33,"column":4},"end":{"line":38,"column":null}},"19":{"start":{"line":33,"column":17},"end":{"line":33,"column":22}},"20":{"start":{"line":34,"column":6},"end":{"line":37,"column":null}},"21":{"start":{"line":36,"column":8},"end":{"line":36,"column":16}},"22":{"start":{"line":40,"column":2},"end":{"line":40,"column":15}},"23":{"start":{"line":29,"column":0},"end":{"line":29,"column":16}},"24":{"start":{"line":44,"column":18},"end":{"line":44,"column":20}},"25":{"start":{"line":45,"column":2},"end":{"line":50,"column":null}},"26":{"start":{"line":45,"column":15},"end":{"line":45,"column":16}},"27":{"start":{"line":46,"column":4},"end":{"line":49,"column":null}},"28":{"start":{"line":48,"column":6},"end":{"line":48,"column":55}},"29":{"start":{"line":51,"column":2},"end":{"line":51,"column":19}},"30":{"start":{"line":43,"column":0},"end":{"line":43,"column":16}},"31":{"start":{"line":56,"column":2},"end":{"line":56,"column":34}},"32":{"start":{"line":56,"column":25},"end":{"line":56,"column":34}},"33":{"start":{"line":57,"column":2},"end":{"line":57,"column":40}},"34":{"start":{"line":57,"column":25},"end":{"line":57,"column":40}},"35":{"start":{"line":60,"column":2},"end":{"line":60,"column":59}},"36":{"start":{"line":60,"column":25},"end":{"line":60,"column":59}},"37":{"start":{"line":62,"column":15},"end":{"line":62,"column":41}},"38":{"start":{"line":64,"column":17},"end":{"line":64,"column":24}},"39":{"start":{"line":65,"column":13},"end":{"line":65,"column":19}},"40":{"start":{"line":68,"column":2},"end":{"line":74,"column":null}},"41":{"start":{"line":68,"column":15},"end":{"line":68,"column":16}},"42":{"start":{"line":69,"column":15},"end":{"line":69,"column":52}},"43":{"start":{"line":71,"column":4},"end":{"line":71,"column":36}},"44":{"start":{"line":72,"column":4},"end":{"line":72,"column":20}},"45":{"start":{"line":73,"column":4},"end":{"line":73,"column":16}},"46":{"start":{"line":76,"column":2},"end":{"line":76,"column":16}},"47":{"start":{"line":54,"column":0},"end":{"line":54,"column":16}},"48":{"start":{"line":81,"column":18},"end":{"line":81,"column":20}},"49":{"start":{"line":82,"column":2},"end":{"line":86,"column":null}},"50":{"start":{"line":82,"column":15},"end":{"line":82,"column":16}},"51":{"start":{"line":83,"column":4},"end":{"line":85,"column":null}},"52":{"start":{"line":84,"column":6},"end":{"line":84,"column":29}},"53":{"start":{"line":87,"column":2},"end":{"line":87,"column":19}},"54":{"start":{"line":79,"column":0},"end":{"line":79,"column":16}}},"fnMap":{"0":{"name":"secondSmallestQuestion","decl":{"start":{"line":1,"column":16},"end":{"line":1,"column":38}},"loc":{"start":{"line":1,"column":46},"end":{"line":14,"column":1}}},"1":{"name":"reversalQuestion","decl":{"start":{"line":16,"column":16},"end":{"line":16,"column":32}},"loc":{"start":{"line":16,"column":36},"end":{"line":27,"column":1}}},"2":{"name":"subarrayQuestion","decl":{"start":{"line":29,"column":16},"end":{"line":29,"column":32}},"loc":{"start":{"line":29,"column":45},"end":{"line":41,"column":1}}},"3":{"name":"letterCountQuestion","decl":{"start":{"line":43,"column":16},"end":{"line":43,"column":35}},"loc":{"start":{"line":43,"column":39},"end":{"line":52,"column":1}}},"4":{"name":"nonAdjacentSumQuestion","decl":{"start":{"line":54,"column":16},"end":{"line":54,"column":38}},"loc":{"start":{"line":54,"column":43},"end":{"line":77,"column":1}}},"5":{"name":"dedupeAndMaintainQuestion","decl":{"start":{"line":79,"column":16},"end":{"line":79,"column":41}},"loc":{"start":{"line":79,"column":45},"end":{"line":88,"column":1}}}},"branchMap":{"0":{"loc":{"start":{"line":6,"column":4},"end":{"line":11,"column":null}},"type":"if","locations":[{"start":{"line":6,"column":4},"end":{"line":11,"column":null}},{"start":{"line":9,"column":11},"end":{"line":11,"column":null}}]},"1":{"loc":{"start":{"line":9,"column":11},"end":{"line":11,"column":null}},"type":"if","locations":[{"start":{"line":9,"column":11},"end":{"line":11,"column":null}}]},"2":{"loc":{"start":{"line":34,"column":6},"end":{"line":37,"column":null}},"type":"if","locations":[{"start":{"line":34,"column":6},"end":{"line":37,"column":null}}]},"3":{"loc":{"start":{"line":46,"column":4},"end":{"line":49,"column":null}},"type":"if","locations":[{"start":{"line":46,"column":4},"end":{"line":49,"column":null}}]},"4":{"loc":{"start":{"line":48,"column":27},"end":{"line":48,"column":49}},"type":"binary-expr","locations":[{"start":{"line":48,"column":27},"end":{"line":48,"column":44}},{"start":{"line":48,"column":48},"end":{"line":48,"column":49}}]},"5":{"loc":{"start":{"line":56,"column":2},"end":{"line":56,"column":34}},"type":"if","locations":[{"start":{"line":56,"column":2},"end":{"line":56,"column":34}}]},"6":{"loc":{"start":{"line":57,"column":2},"end":{"line":57,"column":40}},"type":"if","locations":[{"start":{"line":57,"column":2},"end":{"line":57,"column":40}}]},"7":{"loc":{"start":{"line":60,"column":2},"end":{"line":60,"column":59}},"type":"if","locations":[{"start":{"line":60,"column":2},"end":{"line":60,"column":59}}]},"8":{"loc":{"start":{"line":83,"column":4},"end":{"line":85,"column":null}},"type":"if","locations":[{"start":{"line":83,"column":4},"end":{"line":85,"column":null}}]}},"s":{"0":1,"1":1,"2":1,"3":6,"4":2,"5":2,"6":4,"7":2,"8":1,"9":6,"10":1,"11":1,"12":1,"13":1,"14":6,"15":3,"16":3,"17":3,"18":8,"19":8,"20":20,"21":2,"22":3,"23":6,"24":2,"25":2,"26":2,"27":86,"28":70,"29":2,"30":6,"31":7,"32":1,"33":6,"34":1,"35":5,"36":0,"37":5,"38":5,"39":5,"40":5,"41":5,"42":17,"43":17,"44":17,"45":17,"46":5,"47":6,"48":4,"49":4,"50":4,"51":19,"52":13,"53":4,"54":6},"f":{"0":1,"1":1,"2":3,"3":2,"4":7,"5":4},"b":{"0":[2,4],"1":[2],"2":[2],"3":[70],"4":[70,53],"5":[1],"6":[1],"7":[0],"8":[13]}}
}
