TN:
SF:src/main.ts
FN:1,secondSmallestQuestion
FN:16,reversalQuestion
FN:29,subarrayQuestion
FN:43,letterCountQuestion
FN:54,nonAdjacentSumQuestion
FN:79,dedupeAndMaintainQuestion
FNF:6
FNH:6
FNDA:1,secondSmallestQuestion
FNDA:1,reversalQuestion
FNDA:3,subarrayQuestion
FNDA:2,letterCountQuestion
FNDA:7,nonAdjacentSumQuestion
FNDA:4,dedupeAndMaintainQuestion
DA:1,6
DA:2,1
DA:3,1
DA:5,1
DA:6,6
DA:7,2
DA:8,2
DA:9,4
DA:10,2
DA:13,1
DA:16,6
DA:18,1
DA:21,1
DA:24,1
DA:26,1
DA:29,6
DA:30,3
DA:32,3
DA:33,8
DA:34,20
DA:36,2
DA:40,3
DA:43,6
DA:44,2
DA:45,2
DA:46,86
DA:48,70
DA:51,2
DA:54,6
DA:56,7
DA:57,6
DA:60,5
DA:62,5
DA:64,5
DA:65,5
DA:68,5
DA:69,17
DA:71,17
DA:72,17
DA:73,17
DA:76,5
DA:79,6
DA:81,4
DA:82,4
DA:83,19
DA:84,13
DA:87,4
LF:47
LH:47
BRDA:6,0,0,2
BRDA:6,0,1,4
BRDA:9,1,0,2
BRDA:34,2,0,2
BRDA:46,3,0,70
BRDA:48,4,0,70
BRDA:48,4,1,53
BRDA:56,5,0,1
BRDA:57,6,0,1
BRDA:60,7,0,0
BRDA:83,8,0,13
BRF:11
BRH:10
end_of_record
